#-----------------------------------------------------------
# Vivado v2020.1 (64-bit)
# SW Build 2902540 on Wed May 27 19:54:49 MDT 2020
# IP Build 2902112 on Wed May 27 22:43:36 MDT 2020
# Start of session at: Sun Apr 20 00:05:14 2025
# Process ID: 23884
# Current directory: C:/Users/ahmed/Documents/project_5
# Command line: vivado.exe -gui_launcher_event rodinguilauncherevent2188 C:\Users\ahmed\Documents\project_5\project_5.xpr
# Log file: C:/Users/ahmed/Documents/project_5/vivado.log
# Journal file: C:/Users/ahmed/Documents/project_5\vivado.jou
#-----------------------------------------------------------
start_gui
open_project C:/Users/ahmed/Documents/project_5/project_5.xpr
CRITICAL WARNING: [Project 1-19] Could not find the file 'C:/Users/ahmed/Solution 5,6,7,8,9,10/CALab10/ALU_Control.v'.
CRITICAL WARNING: [Project 1-19] Could not find the file 'C:/Users/ahmed/Solution 5,6,7,8,9,10/CALab09/Adder.v'.
CRITICAL WARNING: [Project 1-19] Could not find the file 'C:/Users/ahmed/Solution 5,6,7,8,9,10/CALab10/Control_Unit.v'.
CRITICAL WARNING: [Project 1-19] Could not find the file 'C:/Users/ahmed/Solution 5,6,7,8,9,10/CALab08/Data_Memory.v'.
CRITICAL WARNING: [Project 1-19] Could not find the file 'C:/Users/ahmed/Solution 5,6,7,8,9,10/CALab05/ImmGen.v'.
CRITICAL WARNING: [Project 1-19] Could not find the file 'C:/Users/ahmed/Solution 5,6,7,8,9,10/CALab05/InsParser.v'.
CRITICAL WARNING: [Project 1-19] Could not find the file 'C:/Users/ahmed/Solution 5,6,7,8,9,10/CALab08/Instruction_Memory.v'.
CRITICAL WARNING: [Project 1-19] Could not find the file 'C:/Users/ahmed/Solution 5,6,7,8,9,10/CALab05/Mux.v'.
CRITICAL WARNING: [Project 1-19] Could not find the file 'C:/Users/ahmed/Solution 5,6,7,8,9,10/CALab09/Program_Counter.v'.
CRITICAL WARNING: [Project 1-19] Could not find the file 'C:/Users/ahmed/Solution 5,6,7,8,9,10/CALab07/registerFile.v'.
Scanning sources...
Finished scanning sources
INFO: [IP_Flow 19-234] Refreshing IP repositories
INFO: [IP_Flow 19-1704] No user IP repositories specified
INFO: [IP_Flow 19-2313] Loaded Vivado IP repository 'C:/Xilinx/Vivado/2020.1/data/ip'.
open_project: Time (s): cpu = 00:00:23 ; elapsed = 00:00:09 . Memory (MB): peak = 1015.688 ; gain = 0.000
update_compile_order -fileset sources_1
launch_simulation
Command: launch_simulation 
INFO: [Vivado 12-5682] Launching behavioral simulation in 'C:/Users/ahmed/Documents/project_5/project_5.sim/sim_1/behav/xsim'
INFO: [SIM-utils-51] Simulation object is 'sim_1'
INFO: [SIM-utils-54] Inspecting design source files for 'risc5tb' in fileset 'sim_1'...
INFO: [USF-XSim-97] Finding global include files...
INFO: [USF-XSim-98] Fetching design files from 'sim_1'...
INFO: [USF-XSim-2] XSim::Compile design
INFO: [USF-XSim-61] Executing 'COMPILE and ANALYZE' step in 'C:/Users/ahmed/Documents/project_5/project_5.sim/sim_1/behav/xsim'
"xvlog --incr --relax -prj risc5tb_vlog.prj"
INFO: [VRFC 10-2263] Analyzing Verilog file "C:/Users/ahmed/Documents/project_5/project_5.srcs/sources_1/new/ALU_64_bit.v" into library xil_defaultlib
INFO: [VRFC 10-311] analyzing module ALU_64_bit
INFO: [VRFC 10-2263] Analyzing Verilog file "C:/Users/ahmed/Documents/project_5/project_5.srcs/sources_1/new/ALU_Control.v" into library xil_defaultlib
INFO: [VRFC 10-311] analyzing module ALU_Control
INFO: [VRFC 10-2263] Analyzing Verilog file "C:/Users/ahmed/Documents/project_5/project_5.srcs/sources_1/new/Adder.v" into library xil_defaultlib
INFO: [VRFC 10-311] analyzing module Adder
INFO: [VRFC 10-2263] Analyzing Verilog file "C:/Users/ahmed/Documents/project_5/project_5.srcs/sources_1/new/Control_Unit.v" into library xil_defaultlib
INFO: [VRFC 10-311] analyzing module Control_Unit
INFO: [VRFC 10-2263] Analyzing Verilog file "C:/Users/ahmed/Documents/project_5/project_5.srcs/sources_1/new/Data_Memory.v" into library xil_defaultlib
INFO: [VRFC 10-311] analyzing module Data_Memory
INFO: [VRFC 10-2263] Analyzing Verilog file "C:/Users/ahmed/Documents/project_5/project_5.srcs/sources_1/new/ImmGen.v" into library xil_defaultlib
INFO: [VRFC 10-311] analyzing module ImmGen
INFO: [VRFC 10-2263] Analyzing Verilog file "C:/Users/ahmed/Documents/project_5/project_5.srcs/sources_1/new/InsParser.v" into library xil_defaultlib
INFO: [VRFC 10-311] analyzing module InsParser
INFO: [VRFC 10-2263] Analyzing Verilog file "C:/Users/ahmed/Documents/project_5/project_5.srcs/sources_1/new/Instruction_Memory.v" into library xil_defaultlib
INFO: [VRFC 10-311] analyzing module Instruction_Memory
INFO: [VRFC 10-2263] Analyzing Verilog file "C:/Users/ahmed/Documents/project_5/project_5.srcs/sources_1/new/Mux.v" into library xil_defaultlib
INFO: [VRFC 10-311] analyzing module Mux
INFO: [VRFC 10-2263] Analyzing Verilog file "C:/Users/ahmed/Documents/project_5/project_5.srcs/sources_1/new/Program_Counter.v" into library xil_defaultlib
INFO: [VRFC 10-311] analyzing module Program_Counter
INFO: [VRFC 10-2263] Analyzing Verilog file "C:/Users/ahmed/Documents/project_5/project_5.srcs/sources_1/new/registerFile.v" into library xil_defaultlib
INFO: [VRFC 10-311] analyzing module registerFile
INFO: [VRFC 10-2263] Analyzing Verilog file "C:/Users/ahmed/Documents/project_5/project_5.srcs/sources_1/new/risc5processor.v" into library xil_defaultlib
INFO: [VRFC 10-311] analyzing module risc5processor
INFO: [VRFC 10-2458] undeclared symbol ALUsrc_ID, assumed default net type wire [C:/Users/ahmed/Documents/project_5/project_5.srcs/sources_1/new/risc5processor.v:125]
INFO: [VRFC 10-2458] undeclared symbol MemtoReg_MEM, assumed default net type wire [C:/Users/ahmed/Documents/project_5/project_5.srcs/sources_1/new/risc5processor.v:155]
INFO: [VRFC 10-2263] Analyzing Verilog file "C:/Users/ahmed/Documents/project_5/project_5.srcs/sim_1/new/risc5tb.v" into library xil_defaultlib
INFO: [VRFC 10-311] analyzing module risc5tb
INFO: [USF-XSim-69] 'compile' step finished in '2' seconds
INFO: [USF-XSim-3] XSim::Elaborate design
INFO: [USF-XSim-61] Executing 'ELABORATE' step in 'C:/Users/ahmed/Documents/project_5/project_5.sim/sim_1/behav/xsim'
"xelab -wto df33b2d6ad0340e68978812557eba9dc --incr --debug typical --relax --mt 2 -L xil_defaultlib -L unisims_ver -L unimacro_ver -L secureip --snapshot risc5tb_behav xil_defaultlib.risc5tb xil_defaultlib.glbl -log elaborate.log"
Vivado Simulator 2020.1
Copyright 1986-1999, 2001-2020 Xilinx, Inc. All Rights Reserved.
Running: C:/Xilinx/Vivado/2020.1/bin/unwrapped/win64.o/xelab.exe -wto df33b2d6ad0340e68978812557eba9dc --incr --debug typical --relax --mt 2 -L xil_defaultlib -L unisims_ver -L unimacro_ver -L secureip --snapshot risc5tb_behav xil_defaultlib.risc5tb xil_defaultlib.glbl -log elaborate.log 
Using 2 slave threads.
Starting static elaboration
Pass Through NonSizing Optimizer
ERROR: [VRFC 10-2063] Module <Hazard_detection_Unit> not found while processing module instance <hdu> [C:/Users/ahmed/Documents/project_5/project_5.srcs/sources_1/new/risc5processor.v:96]
ERROR: [VRFC 10-2063] Module <IF_ID> not found while processing module instance <ifreg> [C:/Users/ahmed/Documents/project_5/project_5.srcs/sources_1/new/risc5processor.v:108]
ERROR: [VRFC 10-2063] Module <Hazard_detection_MUX> not found while processing module instance <HDM> [C:/Users/ahmed/Documents/project_5/project_5.srcs/sources_1/new/risc5processor.v:117]
ERROR: [VRFC 10-2063] Module <ID_EX> not found while processing module instance <idexreg> [C:/Users/ahmed/Documents/project_5/project_5.srcs/sources_1/new/risc5processor.v:125]
ERROR: [VRFC 10-2063] Module <Four_MUX> not found while processing module instance <fourmux1> [C:/Users/ahmed/Documents/project_5/project_5.srcs/sources_1/new/risc5processor.v:132]
ERROR: [VRFC 10-2063] Module <EX_MEM> not found while processing module instance <exmemreg> [C:/Users/ahmed/Documents/project_5/project_5.srcs/sources_1/new/risc5processor.v:143]
ERROR: [VRFC 10-2063] Module <Branch_Module> not found while processing module instance <bm> [C:/Users/ahmed/Documents/project_5/project_5.srcs/sources_1/new/risc5processor.v:145]
ERROR: [VRFC 10-2063] Module <MEM_WB> not found while processing module instance <memwbreg> [C:/Users/ahmed/Documents/project_5/project_5.srcs/sources_1/new/risc5processor.v:150]
ERROR: [VRFC 10-2063] Module <Forwarding_Unit> not found while processing module instance <F1> [C:/Users/ahmed/Documents/project_5/project_5.srcs/sources_1/new/risc5processor.v:152]
ERROR: [XSIM 43-3322] Static elaboration of top level Verilog design unit(s) in library work failed.
INFO: [USF-XSim-69] 'elaborate' step finished in '2' seconds
INFO: [USF-XSim-99] Step results log file:'C:/Users/ahmed/Documents/project_5/project_5.sim/sim_1/behav/xsim/elaborate.log'
ERROR: [USF-XSim-62] 'elaborate' step failed with error(s). Please check the Tcl console output or 'C:/Users/ahmed/Documents/project_5/project_5.sim/sim_1/behav/xsim/elaborate.log' file for more information.
ERROR: [Vivado 12-4473] Detected error while running simulation. Please correct the issue and retry this operation.
launch_simulation: Time (s): cpu = 00:00:03 ; elapsed = 00:00:05 . Memory (MB): peak = 1015.688 ; gain = 0.000
ERROR: [Common 17-39] 'launch_simulation' failed due to earlier errors.
export_ip_user_files -of_objects  [get_files {{C:/Users/ahmed/Solution 5,6,7,8,9,10/CALab10/ALU_Control.v}}] -no_script -reset -force -quiet
export_ip_user_files -of_objects  [get_files {{C:/Users/ahmed/Solution 5,6,7,8,9,10/CALab09/Adder.v}}] -no_script -reset -force -quiet
export_ip_user_files -of_objects  [get_files {{C:/Users/ahmed/Solution 5,6,7,8,9,10/CALab10/Control_Unit.v}}] -no_script -reset -force -quiet
export_ip_user_files -of_objects  [get_files {{C:/Users/ahmed/Solution 5,6,7,8,9,10/CALab08/Data_Memory.v}}] -no_script -reset -force -quiet
export_ip_user_files -of_objects  [get_files {{C:/Users/ahmed/Solution 5,6,7,8,9,10/CALab05/ImmGen.v}}] -no_script -reset -force -quiet
export_ip_user_files -of_objects  [get_files {{C:/Users/ahmed/Solution 5,6,7,8,9,10/CALab05/InsParser.v}}] -no_script -reset -force -quiet
export_ip_user_files -of_objects  [get_files {{C:/Users/ahmed/Solution 5,6,7,8,9,10/CALab08/Instruction_Memory.v}}] -no_script -reset -force -quiet
export_ip_user_files -of_objects  [get_files {{C:/Users/ahmed/Solution 5,6,7,8,9,10/CALab05/Mux.v}}] -no_script -reset -force -quiet
export_ip_user_files -of_objects  [get_files {{C:/Users/ahmed/Solution 5,6,7,8,9,10/CALab09/Program_Counter.v}}] -no_script -reset -force -quiet
export_ip_user_files -of_objects  [get_files {{C:/Users/ahmed/Solution 5,6,7,8,9,10/CALab07/registerFile.v}}] -no_script -reset -force -quiet
remove_files  {{C:/Users/ahmed/Solution 5,6,7,8,9,10/CALab10/ALU_Control.v} {C:/Users/ahmed/Solution 5,6,7,8,9,10/CALab09/Adder.v} {C:/Users/ahmed/Solution 5,6,7,8,9,10/CALab10/Control_Unit.v} {C:/Users/ahmed/Solution 5,6,7,8,9,10/CALab08/Data_Memory.v} {C:/Users/ahmed/Solution 5,6,7,8,9,10/CALab05/ImmGen.v} {C:/Users/ahmed/Solution 5,6,7,8,9,10/CALab05/InsParser.v} {C:/Users/ahmed/Solution 5,6,7,8,9,10/CALab08/Instruction_Memory.v} {C:/Users/ahmed/Solution 5,6,7,8,9,10/CALab05/Mux.v} {C:/Users/ahmed/Solution 5,6,7,8,9,10/CALab09/Program_Counter.v} {C:/Users/ahmed/Solution 5,6,7,8,9,10/CALab07/registerFile.v}}
export_ip_user_files -of_objects  [get_files C:/Users/ahmed/Documents/project_5/project_5.srcs/sources_1/new/risc5processor.v] -no_script -reset -force -quiet
export_ip_user_files -of_objects  [get_files C:/Users/ahmed/Documents/project_5/project_5.srcs/sources_1/new/Program_Counter.v] -no_script -reset -force -quiet
export_ip_user_files -of_objects  [get_files C:/Users/ahmed/Documents/project_5/project_5.srcs/sources_1/new/Adder.v] -no_script -reset -force -quiet
export_ip_user_files -of_objects  [get_files C:/Users/ahmed/Documents/project_5/project_5.srcs/sources_1/new/Instruction_Memory.v] -no_script -reset -force -quiet
export_ip_user_files -of_objects  [get_files C:/Users/ahmed/Documents/project_5/project_5.srcs/sources_1/new/InsParser.v] -no_script -reset -force -quiet
export_ip_user_files -of_objects  [get_files C:/Users/ahmed/Documents/project_5/project_5.srcs/sources_1/new/Control_Unit.v] -no_script -reset -force -quiet
export_ip_user_files -of_objects  [get_files C:/Users/ahmed/Documents/project_5/project_5.srcs/sources_1/new/registerFile.v] -no_script -reset -force -quiet
export_ip_user_files -of_objects  [get_files C:/Users/ahmed/Documents/project_5/project_5.srcs/sources_1/new/ImmGen.v] -no_script -reset -force -quiet
export_ip_user_files -of_objects  [get_files C:/Users/ahmed/Documents/project_5/project_5.srcs/sources_1/new/ALU_Control.v] -no_script -reset -force -quiet
export_ip_user_files -of_objects  [get_files C:/Users/ahmed/Documents/project_5/project_5.srcs/sources_1/new/Mux.v] -no_script -reset -force -quiet
export_ip_user_files -of_objects  [get_files C:/Users/ahmed/Documents/project_5/project_5.srcs/sources_1/new/ALU_64_bit.v] -no_script -reset -force -quiet
export_ip_user_files -of_objects  [get_files C:/Users/ahmed/Documents/project_5/project_5.srcs/sources_1/new/Data_Memory.v] -no_script -reset -force -quiet
remove_files  {C:/Users/ahmed/Documents/project_5/project_5.srcs/sources_1/new/risc5processor.v C:/Users/ahmed/Documents/project_5/project_5.srcs/sources_1/new/Program_Counter.v C:/Users/ahmed/Documents/project_5/project_5.srcs/sources_1/new/Adder.v C:/Users/ahmed/Documents/project_5/project_5.srcs/sources_1/new/Instruction_Memory.v C:/Users/ahmed/Documents/project_5/project_5.srcs/sources_1/new/InsParser.v C:/Users/ahmed/Documents/project_5/project_5.srcs/sources_1/new/Control_Unit.v C:/Users/ahmed/Documents/project_5/project_5.srcs/sources_1/new/registerFile.v C:/Users/ahmed/Documents/project_5/project_5.srcs/sources_1/new/ImmGen.v C:/Users/ahmed/Documents/project_5/project_5.srcs/sources_1/new/ALU_Control.v C:/Users/ahmed/Documents/project_5/project_5.srcs/sources_1/new/Mux.v C:/Users/ahmed/Documents/project_5/project_5.srcs/sources_1/new/ALU_64_bit.v C:/Users/ahmed/Documents/project_5/project_5.srcs/sources_1/new/Data_Memory.v}
add_files -norecurse {C:/Users/ahmed/Documents/project_5/project_5.srcs/sources_1/new/Control_Unit.v C:/Users/ahmed/Documents/project_5/project_5.srcs/sources_1/new/Mux.v C:/Users/ahmed/Documents/project_5/project_5.srcs/sources_1/new/Adder.v C:/Users/ahmed/Documents/project_5/project_5.srcs/sources_1/new/ImmGen.v C:/Users/ahmed/Documents/project_5/project_5.srcs/sources_1/new/Instruction_Memory.v C:/Users/ahmed/Documents/project_5/project_5.srcs/sources_1/new/Program_Counter.v C:/Users/ahmed/Documents/project_5/project_5.srcs/sources_1/new/InsParser.v C:/Users/ahmed/Documents/project_5/project_5.srcs/sources_1/new/ALU_Control.v C:/Users/ahmed/Documents/project_5/project_5.srcs/sources_1/new/ALU_64_bit.v C:/Users/ahmed/Documents/project_5/project_5.srcs/sources_1/new/registerFile.v C:/Users/ahmed/Documents/project_5/project_5.srcs/sources_1/new/risc5processor.v C:/Users/ahmed/Documents/project_5/project_5.srcs/sources_1/new/Data_Memory.v}
update_compile_order -fileset sources_1
WARNING: [filemgmt 56-199] Attempt to get parsing info during refresh. "On-the-fly" syntax checking information may be incorrect. [C:\Users\ahmed\Documents\project_5\project_5.srcs\sim_1\new\risc5tb.v:]
WARNING: [filemgmt 56-199] Attempt to get parsing info during refresh. "On-the-fly" syntax checking information may be incorrect. [C:\Users\ahmed\Documents\project_5\project_5.srcs\sources_1\new\risc5processor.v:]
ERROR: [Common 17-180] Spawn failed: No error
launch_simulation
Command: launch_simulation 
INFO: [Vivado 12-5682] Launching behavioral simulation in 'C:/Users/ahmed/Documents/project_5/project_5.sim/sim_1/behav/xsim'
INFO: [SIM-utils-51] Simulation object is 'sim_1'
INFO: [SIM-utils-54] Inspecting design source files for 'risc5tb' in fileset 'sim_1'...
INFO: [USF-XSim-97] Finding global include files...
INFO: [USF-XSim-98] Fetching design files from 'sim_1'...
INFO: [USF-XSim-2] XSim::Compile design
INFO: [USF-XSim-61] Executing 'COMPILE and ANALYZE' step in 'C:/Users/ahmed/Documents/project_5/project_5.sim/sim_1/behav/xsim'
"xvlog --incr --relax -prj risc5tb_vlog.prj"
INFO: [VRFC 10-2263] Analyzing Verilog file "C:/Users/ahmed/Documents/project_5/project_5.srcs/sources_1/new/ALU_64_bit.v" into library xil_defaultlib
INFO: [VRFC 10-311] analyzing module ALU_64_bit
INFO: [VRFC 10-2263] Analyzing Verilog file "C:/Users/ahmed/Documents/project_5/project_5.srcs/sources_1/new/ALU_Control.v" into library xil_defaultlib
INFO: [VRFC 10-311] analyzing module ALU_Control
INFO: [VRFC 10-2263] Analyzing Verilog file "C:/Users/ahmed/Documents/project_5/project_5.srcs/sources_1/new/Adder.v" into library xil_defaultlib
INFO: [VRFC 10-311] analyzing module Adder
INFO: [VRFC 10-2263] Analyzing Verilog file "C:/Users/ahmed/Documents/project_5/project_5.srcs/sources_1/new/Control_Unit.v" into library xil_defaultlib
INFO: [VRFC 10-311] analyzing module Control_Unit
INFO: [VRFC 10-2263] Analyzing Verilog file "C:/Users/ahmed/Documents/project_5/project_5.srcs/sources_1/new/Data_Memory.v" into library xil_defaultlib
INFO: [VRFC 10-311] analyzing module Data_Memory
INFO: [VRFC 10-2263] Analyzing Verilog file "C:/Users/ahmed/Documents/project_5/project_5.srcs/sources_1/new/ImmGen.v" into library xil_defaultlib
INFO: [VRFC 10-311] analyzing module ImmGen
INFO: [VRFC 10-2263] Analyzing Verilog file "C:/Users/ahmed/Documents/project_5/project_5.srcs/sources_1/new/InsParser.v" into library xil_defaultlib
INFO: [VRFC 10-311] analyzing module InsParser
INFO: [VRFC 10-2263] Analyzing Verilog file "C:/Users/ahmed/Documents/project_5/project_5.srcs/sources_1/new/Instruction_Memory.v" into library xil_defaultlib
INFO: [VRFC 10-311] analyzing module Instruction_Memory
INFO: [VRFC 10-2263] Analyzing Verilog file "C:/Users/ahmed/Documents/project_5/project_5.srcs/sources_1/new/Mux.v" into library xil_defaultlib
INFO: [VRFC 10-311] analyzing module Mux
INFO: [VRFC 10-2263] Analyzing Verilog file "C:/Users/ahmed/Documents/project_5/project_5.srcs/sources_1/new/Program_Counter.v" into library xil_defaultlib
INFO: [VRFC 10-311] analyzing module Program_Counter
INFO: [VRFC 10-2263] Analyzing Verilog file "C:/Users/ahmed/Documents/project_5/project_5.srcs/sources_1/new/registerFile.v" into library xil_defaultlib
INFO: [VRFC 10-311] analyzing module registerFile
INFO: [VRFC 10-2263] Analyzing Verilog file "C:/Users/ahmed/Documents/project_5/project_5.srcs/sources_1/new/risc5processor.v" into library xil_defaultlib
INFO: [VRFC 10-311] analyzing module risc5processor
INFO: [VRFC 10-2263] Analyzing Verilog file "C:/Users/ahmed/Documents/project_5/project_5.srcs/sim_1/new/risc5tb.v" into library xil_defaultlib
INFO: [VRFC 10-311] analyzing module risc5tb
INFO: [USF-XSim-69] 'compile' step finished in '2' seconds
INFO: [USF-XSim-3] XSim::Elaborate design
INFO: [USF-XSim-61] Executing 'ELABORATE' step in 'C:/Users/ahmed/Documents/project_5/project_5.sim/sim_1/behav/xsim'
"xelab -wto df33b2d6ad0340e68978812557eba9dc --incr --debug typical --relax --mt 2 -L xil_defaultlib -L unisims_ver -L unimacro_ver -L secureip --snapshot risc5tb_behav xil_defaultlib.risc5tb xil_defaultlib.glbl -log elaborate.log"
Vivado Simulator 2020.1
Copyright 1986-1999, 2001-2020 Xilinx, Inc. All Rights Reserved.
Running: C:/Xilinx/Vivado/2020.1/bin/unwrapped/win64.o/xelab.exe -wto df33b2d6ad0340e68978812557eba9dc --incr --debug typical --relax --mt 2 -L xil_defaultlib -L unisims_ver -L unimacro_ver -L secureip --snapshot risc5tb_behav xil_defaultlib.risc5tb xil_defaultlib.glbl -log elaborate.log 
Using 2 slave threads.
Starting static elaboration
Pass Through NonSizing Optimizer
Completed static elaboration
Starting simulation data flow analysis
Completed simulation data flow analysis
Time Resolution for simulation is 1ps
Compiling module xil_defaultlib.Program_Counter
Compiling module xil_defaultlib.Adder
Compiling module xil_defaultlib.Instruction_Memory
Compiling module xil_defaultlib.InsParser
Compiling module xil_defaultlib.Control_Unit
Compiling module xil_defaultlib.registerFile
Compiling module xil_defaultlib.ImmGen
Compiling module xil_defaultlib.ALU_Control
Compiling module xil_defaultlib.Mux
Compiling module xil_defaultlib.ALU_64_bit
Compiling module xil_defaultlib.Data_Memory
Compiling module xil_defaultlib.risc5processor
Compiling module xil_defaultlib.risc5tb
Compiling module xil_defaultlib.glbl
Built simulation snapshot risc5tb_behav

****** Webtalk v2020.1 (64-bit)
  **** SW Build 2902540 on Wed May 27 19:54:49 MDT 2020
  **** IP Build 2902112 on Wed May 27 22:43:36 MDT 2020
    ** Copyright 1986-2020 Xilinx, Inc. All Rights Reserved.

source C:/Users/ahmed/Documents/project_5/project_5.sim/sim_1/behav/xsim/xsim.dir/risc5tb_behav/webtalk/xsim_webtalk.tcl -notrace
INFO: [Common 17-206] Exiting Webtalk at Sun Apr 20 00:09:57 2025...
run_program: Time (s): cpu = 00:00:00 ; elapsed = 00:00:09 . Memory (MB): peak = 1015.688 ; gain = 0.000
INFO: [USF-XSim-69] 'elaborate' step finished in '8' seconds
INFO: [USF-XSim-4] XSim::Simulate design
INFO: [USF-XSim-61] Executing 'SIMULATE' step in 'C:/Users/ahmed/Documents/project_5/project_5.sim/sim_1/behav/xsim'
INFO: [USF-XSim-98] *** Running xsim
   with args "risc5tb_behav -key {Behavioral:sim_1:Functional:risc5tb} -tclbatch {risc5tb.tcl} -log {simulate.log}"
INFO: [USF-XSim-8] Loading simulator feature
Vivado Simulator 2020.1
Time resolution is 1 ps
source risc5tb.tcl
# set curr_wave [current_wave_config]
# if { [string length $curr_wave] == 0 } {
#   if { [llength [get_objects]] > 0} {
#     add_wave /
#     set_property needs_save false [current_wave_config]
#   } else {
#      send_msg_id Add_Wave-1 WARNING "No top level signals found. Simulator will start without a wave window. If you want to open a wave window go to 'File->New Waveform Configuration' or type 'create_wave_config' in the TCL console."
#   }
# }
# run 1000ns
INFO: [USF-XSim-96] XSim completed. Design snapshot 'risc5tb_behav' loaded.
INFO: [USF-XSim-97] XSim simulation ran for 1000ns
launch_simulation: Time (s): cpu = 00:00:09 ; elapsed = 00:00:15 . Memory (MB): peak = 1015.688 ; gain = 0.000
run all
run: Time (s): cpu = 00:00:06 ; elapsed = 00:00:05 . Memory (MB): peak = 1015.688 ; gain = 0.000
close_sim
INFO: [Simtcl 6-16] Simulation closed
close_sim: Time (s): cpu = 00:00:02 ; elapsed = 00:00:06 . Memory (MB): peak = 1015.688 ; gain = 0.000
exit
INFO: [Common 17-206] Exiting Vivado at Sun Apr 20 12:52:23 2025...
